build/app/outputs/mapping/release/seeds.txt
com.example.foodcosting.MainActivity: MainActivity()
com.example.foodcosting.MainActivity
...
android.support.v4.app.RemoteActionCompatParcelizer: RemoteActionCompatParcelizer()
com.google.android.gms.internal.measurement.zzeh: com.google.android.gms.internal.measurement.zzeh zza
com.google.firestore.v1.TargetChange: com.google.protobuf.Parser PARSER
com.google.firestore.bundle.BundledQuery
io.grpc.InternalChannelz$ChannelTrace$Event$Severity: io.grpc.InternalChannelz$ChannelTrace$Event$Severity[] values()
io.grpc.internal.ManagedChannelImpl$ResolutionState: io.grpc.internal.ManagedChannelImpl$ResolutionState valueOf(java.lang.String)
com.google.type.LatLng: com.google.type.LatLng DEFAULT_INSTANCE
io.flutter.embedding.engine.FlutterJNI: io.flutter.embedding.engine.FlutterJNI$AsyncWaitForVsyncDelegate asyncWaitForVsyncDelegate
com.google.android.gms.internal.measurement.zzcl: android.os.Parcelable$Creator CREATOR
io.flutter.plugins.firebase.core.FlutterFirebasePluginRegistry: com.google.android.gms.tasks.Task didReinitializeFirebaseCore()
com.google.firebase.firestore.proto.MaybeDocument: int NO_DOCUMENT_FIELD_NUMBER
io.flutter.embedding.engine.systemchannels.PlatformChannel$Brightness: io.flutter.embedding.engine.systemchannels.PlatformChannel$Brightness[] values()
com.google.android.gms.internal.measurement.zzmy: com.google.android.gms.internal.measurement.zzmy[] values()
com.google.firebase.firestore.proto.Target: int targetId_
com.google.firestore.bundle.BundledQuery: int PARENT_FIELD_NUMBER
io.flutter.plugin.editing.ImeSyncDeferringInsetsCallback: android.view.WindowInsets access$400(io.flutter.plugin.editing.ImeSyncDeferringInsetsCallback)
com.google.firestore.v1.MapValue: int FIELDS_FIELD_NUMBER
com.google.firestore.v1.TransactionOptions: int READ_WRITE_FIELD_NUMBER
com.google.android.gms.internal.measurement.zzgh: int zze
com.google.protobuf.JavaType: com.google.protobuf.JavaType[] values()
com.google.android.gms.internal.measurement.zzfc: long zzf
io.flutter.embedding.engine.FlutterJNI: void prefetchDefaultFontManager()
com.google.firestore.v1.TransactionOptions$ReadOnly: com.google.firestore.v1.TransactionOptions$ReadOnly DEFAULT_INSTANCE
androidx.core.graphics.drawable.IconCompat
io.flutter.embedding.engine.FlutterJNI: void nativeSetSemanticsEnabled(long,boolean)
com.google.firestore.v1.StructuredQuery$CollectionSelector
com.google.firebase.heartbeatinfo.HeartBeatInfo$HeartBeat: com.google.firebase.heartbeatinfo.HeartBeatInfo$HeartBeat valueOf(java.lang.String)
android.support.v4.graphics.drawable.IconCompatParcelizer: IconCompatParcelizer()
io.flutter.embedding.engine.FlutterJNI: io.flutter.embedding.engine.deferredcomponents.DeferredComponentManager deferredComponentManager
io.flutter.embedding.engine.FlutterJNI: android.graphics.Bitmap nativeGetBitmap(long)
com.google.android.gms.internal.measurement.zzfu: int zze
com.google.firestore.v1.MapValue: com.google.protobuf.Parser PARSER
com.google.android.gms.measurement.internal.AppMeasurementDynamiteService: void getGmpAppId(com.google.android.gms.internal.measurement.zzcf)
com.google.android.gms.internal.measurement.zzfy: java.lang.String zzw
com.google.android.gms.measurement.internal.AppMeasurementDynamiteService: void onActivityStarted(com.google.android.gms.dynamic.IObjectWrapper,long)
com.google.firestore.v1.BatchGetDocumentsRequest: com.google.firestore.v1.DocumentMask mask_
com.google.firestore.v1.StructuredQuery$Direction: com.google.firestore.v1.StructuredQuery$Direction valueOf(java.lang.String)
io.flutter.embedding.engine.FlutterJNI: void setAsyncWaitForVsyncDelegate(io.flutter.embedding.engine.FlutterJNI$AsyncWaitForVsyncDelegate)
io.flutter.plugin.editing.ImeSyncDeferringInsetsCallback: int deferredInsetTypes
com.google.protobuf.FieldType$Collection: com.google.protobuf.FieldType$Collection[] values()
com.google.firestore.v1.ListenRequest: com.google.protobuf.Parser PARSER
com.google.firestore.v1.CommitRequest: com.google.protobuf.ByteString transaction_
io.flutter.view.FlutterCallbackInformation: java.lang.String callbackLibraryPath