build/app/outputs/mapping/release/mapping.txt
# compiler: R8
# compiler_version: 2.1.62
# min_api: 16
# pg_map_id: b5829c4
# common_typos_disable
...
com.google.android.gms.common.api.Api$AnyClient -> com.google.android.gms.common.api.a$b:
com.google.android.gms.common.api.Api$AnyClientKey -> com.google.android.gms.common.api.a$c:
com.google.android.gms.common.api.Api$ApiOptions -> com.google.android.gms.common.api.a$d:
com.google.android.gms.common.api.Api$ApiOptions$HasAccountOptions -> com.google.android.gms.common.api.a$d$a:
    android.accounts.Account getAccount() -> a
com.google.android.gms.common.api.Api$ApiOptions$HasGoogleSignInAccountOptions -> com.google.android.gms.common.api.a$d$b:
    com.google.android.gms.auth.api.signin.GoogleSignInAccount getGoogleSignInAccount() -> b
com.google.android.gms.common.api.Api$BaseClientBuilder -> com.google.android.gms.common.api.a$e:
com.google.android.gms.common.api.Api$Client -> com.google.android.gms.common.api.a$f:
    void onUserSignOut(com.google.android.gms.common.internal.BaseGmsClient$SignOutCallbacks) -> a
    boolean isConnecting() -> c
    com.google.android.gms.common.Feature[] getAvailableFeatures() -> d
    boolean isConnected() -> e
    java.lang.String getEndpointPackageName() -> f
    void getRemoteService(com.google.android.gms.common.internal.IAccountAccessor,java.util.Set) -> h
    void connect(com.google.android.gms.common.internal.BaseGmsClient$ConnectionProgressReportCallbacks) -> j
    void disconnect() -> k
    boolean requiresSignIn() -> m
    boolean requiresGooglePlayServices() -> o
    int getMinApkVersion() -> q
com.google.android.gms.common.api.Api$ClientKey -> com.google.android.gms.common.api.a$g:
com.google.android.gms.common.api.Api$SimpleClient -> com.google.android.gms.common.api.a$h:
    java.lang.String getServiceDescriptor() -> g
    android.os.IInterface createServiceInterface(android.os.IBinder) -> i
    java.lang.String getStartServiceAction() -> n
    void setState(int,android.os.IInterface) -> p
com.google.android.gms.common.api.ApiException -> com.google.android.gms.common.api.b:
com.google.android.gms.common.api.AvailabilityException -> com.google.android.gms.common.api.c:
    androidx.collection.ArrayMap zaay -> j
com.google.android.gms.common.api.CommonStatusCodes -> com.google.android.gms.common.api.d:
    java.lang.String getStatusCodeString(int) -> a
com.google.android.gms.common.api.GoogleApi -> com.google.android.gms.common.api.e:
    android.content.Context mContext -> a
    com.google.android.gms.common.api.internal.zai zabi -> d
    int mId -> e
    com.google.android.gms.common.api.Api$ApiOptions zabh -> c
    com.google.android.gms.common.api.Api mApi -> b
    com.google.android.gms.common.internal.ClientSettings$Builder createClientSettingsBuilder() -> a
    int getInstanceId() -> b
    com.google.android.gms.common.api.Api$Client zaa(android.os.Looper,com.google.android.gms.common.api.internal.GoogleApiManager$zaa) -> c
    com.google.android.gms.common.api.internal.zace zaa(android.content.Context,android.os.Handler) -> d
    com.google.android.gms.common.api.internal.zai zak() -> e
com.google.android.gms.common.api.GoogleApiActivity -> com.google.android.gms.common.api.GoogleApiActivity:
    int zabp -> a
    android.app.PendingIntent zaa(android.content.Context,android.app.PendingIntent,int) -> a
    android.content.Intent zaa(android.content.Context,android.app.PendingIntent,int,boolean) -> b
com.google.android.gms.common.api.GoogleApiClient$ConnectionCallbacks -> com.google.android.gms.common.api.f:
    void onConnectionSuspended(int) -> f
    void onConnected(android.os.Bundle) -> h
com.google.android.gms.common.api.GoogleApiClient$OnConnectionFailedListener -> com.google.android.gms.common.api.g:
    void onConnectionFailed(com.google.android.gms.common.ConnectionResult) -> e
com.google.android.gms.common.api.PendingResult -> com.google.android.gms.common.api.h:
com.google.android.gms.common.api.PendingResult$StatusListener -> com.google.android.gms.common.api.h$a:
    void onComplete(com.google.android.gms.common.api.Status) -> a