build/app/outputs/mapping/release/usage.txt
com.example.foodcosting.R
com.example.foodcosting.R$mipmap
com.example.foodcosting.R$drawable
com.example.foodcosting.R$styleable
com.example.foodcosting.R$style
com.example.foodcosting.R$attr
com.example.foodcosting.R$id
com.example.foodcosting.BuildConfig
com.example.foodcosting.R$color
com.example.foodcosting.R$layout
com.example.foodcosting.R$string
com.example.foodcosting.R$integer
com.example.foodcosting.R$dimen
...
io.flutter.embedding.engine.plugins.util.GeneratedPluginRegister:
    public void <init>()
    private static final java.lang.String TAG
com.google.gson.internal.bind.TypeAdapters$35$1
com.google.firebase.firestore.local.SQLiteTargetCache:
    public void removeTargetData(com.google.firebase.firestore.local.TargetData)
    public boolean containsKey(com.google.firebase.firestore.model.DocumentKey)
kotlin.jvm.functions.Function5
com.squareup.okhttp.Cache$CacheRequestImpl
com.google.api.Backend
com.google.type.ColorOrBuilder
com.google.common.hash.AbstractByteHasher
com.google.android.gms.common.server.response.zah
io.grpc.Metadata$IterableAt$1
com.squareup.okhttp.internal.OptionalMethod
com.google.common.io.AppendableWriter
com.google.protobuf.LazyField:
    public void <init>(com.google.protobuf.MessageLite,com.google.protobuf.ExtensionRegistryLite,com.google.protobuf.ByteString)
    public boolean containsDefaultInstance()
com.google.common.collect.Maps
kotlin.KotlinVersion:
    public void <init>(int,int)
    public final boolean isAtLeast(int,int)
    public final boolean isAtLeast(int,int,int)
    public final int getMajor()
    public final int getMinor()
    public final int getPatch()
    public static final int MAX_COMPONENT_VALUE
kotlin.Result
com.google.protobuf.DescriptorProtos$FieldDescriptorProto$Builder
com.google.firebase.firestore.util.ExponentialBackoff:
    public static final long DEFAULT_BACKOFF_INITIAL_DELAY_MS
    public static final double DEFAULT_BACKOFF_FACTOR
    public static final long DEFAULT_BACKOFF_MAX_DELAY_MS
com.google.gson.internal.bind.TypeAdapters$19
androidx.core.os.MessageCompat
io.grpc.ClientInterceptors:
    private void <init>()
    public static varargs io.grpc.Channel interceptForward(io.grpc.Channel,io.grpc.ClientInterceptor[])
    public static io.grpc.Channel interceptForward(io.grpc.Channel,java.util.List)
    static io.grpc.ClientInterceptor wrapClientInterceptor(io.grpc.ClientInterceptor,io.grpc.MethodDescriptor$Marshaller,io.grpc.MethodDescriptor$Marshaller)
    static synthetic io.grpc.ClientCall access$100()
io.flutter.plugin.common.PluginRegistry
com.google.common.collect.Synchronized$SynchronizedMultiset
com.google.gson.internal.bind.TimeTypeAdapter$1
com.google.firebase.firestore.auth.-$$Lambda$FirebaseAuthCredentialsProvider$SiEkKBu9hz30n6jbv61jv-eXGhA:
    public final void onIdTokenChanged(com.google.firebase.internal.InternalTokenResult)
com.google.android.gms.internal.common.zze:
    private static volatile com.google.android.gms.internal.common.zzf zziu
io.grpc.android.AndroidChannelBuilder:
    private static final java.lang.Class OKHTTP_CHANNEL_BUILDER_CLASS
com.google.firestore.bundle.BundledQuery$LimitType:
    private static final com.google.protobuf.Internal$EnumLiteMap internalValueMap
com.google.android.gms.internal.measurement.zziq
com.google.android.gms.internal.measurement.zzjc:
    private static volatile int zzb
com.google.firestore.v1.StructuredQuery$CompositeFilter$Operator$1
com.google.android.gms.common.internal.zzh:
    private final boolean zzek
com.google.common.base.Charsets:
    public static final java.nio.charset.Charset ISO_8859_1
    public static final java.nio.charset.Charset UTF_16BE
    public static final java.nio.charset.Charset UTF_16LE
    public static final java.nio.charset.Charset UTF_16
com.google.protobuf.AbstractParser:
    private static final com.google.protobuf.ExtensionRegistryLite EMPTY_REGISTRY
com.google.firebase.firestore.util.AsyncQueue$DelayedTask:
    private final com.google.firebase.firestore.util.AsyncQueue$TimerId timerId
    private final long targetTimeMs
io.grpc.internal.RetriableStream$1HalfCloseEntry:
    final synthetic io.grpc.internal.RetriableStream this$0